[ERROR] 2019-07-09 19:28:50.179 [main] FileDataReader - input/ue53s48di6rxyd7.txt (No such file or directory)
java.io.FileNotFoundException: input/ue53s48di6rxyd7.txt (No such file or directory)
	at java.io.FileInputStream.open0(Native Method) ~[?:1.8.0_152-ea]
	at java.io.FileInputStream.open(FileInputStream.java:195) ~[?:1.8.0_152-ea]
	at java.io.FileInputStream.<init>(FileInputStream.java:138) ~[?:1.8.0_152-ea]
	at java.io.FileInputStream.<init>(FileInputStream.java:93) ~[?:1.8.0_152-ea]
	at java.io.FileReader.<init>(FileReader.java:58) ~[?:1.8.0_152-ea]
	at edu.epam.training.matrix.main.service.FileDataReader.readToStringArrayList(FileDataReader.java:24) [Matrix/:?]
	at edu.epam.training.matrix.test.service.DataValidatorTest.testMatrixNonExistOrEmptyFiles(DataValidatorTest.java:72) [Matrix/:?]
	at sun.reflect.NativeMethodAccessorImpl.invoke0(Native Method) ~[?:1.8.0_152-ea]
	at sun.reflect.NativeMethodAccessorImpl.invoke(NativeMethodAccessorImpl.java:62) ~[?:1.8.0_152-ea]
	at sun.reflect.DelegatingMethodAccessorImpl.invoke(DelegatingMethodAccessorImpl.java:43) ~[?:1.8.0_152-ea]
	at java.lang.reflect.Method.invoke(Method.java:498) ~[?:1.8.0_152-ea]
	at org.testng.internal.MethodInvocationHelper.invokeMethod(MethodInvocationHelper.java:124) [testng-6.14.3.jar:?]
	at org.testng.internal.MethodInvocationHelper.invokeMethodConsideringTimeout(MethodInvocationHelper.java:59) [testng-6.14.3.jar:?]
	at org.testng.internal.Invoker.invokeConfigurationMethod(Invoker.java:458) [testng-6.14.3.jar:?]
	at org.testng.internal.Invoker.invokeConfigurations(Invoker.java:222) [testng-6.14.3.jar:?]
	at org.testng.internal.Invoker.invokeMethod(Invoker.java:523) [testng-6.14.3.jar:?]
	at org.testng.internal.Invoker.invokeTestMethod(Invoker.java:719) [testng-6.14.3.jar:?]
	at org.testng.internal.Invoker.invokeTestMethods(Invoker.java:989) [testng-6.14.3.jar:?]
	at org.testng.internal.TestMethodWorker.invokeTestMethods(TestMethodWorker.java:125) [testng-6.14.3.jar:?]
	at org.testng.internal.TestMethodWorker.run(TestMethodWorker.java:109) [testng-6.14.3.jar:?]
	at org.testng.TestRunner.privateRun(TestRunner.java:648) [testng-6.14.3.jar:?]
	at org.testng.TestRunner.run(TestRunner.java:505) [testng-6.14.3.jar:?]
	at org.testng.SuiteRunner.runTest(SuiteRunner.java:455) [testng-6.14.3.jar:?]
	at org.testng.SuiteRunner.runSequentially(SuiteRunner.java:450) [testng-6.14.3.jar:?]
	at org.testng.SuiteRunner.privateRun(SuiteRunner.java:415) [testng-6.14.3.jar:?]
	at org.testng.SuiteRunner.run(SuiteRunner.java:364) [testng-6.14.3.jar:?]
	at org.testng.SuiteRunnerWorker.runSuite(SuiteRunnerWorker.java:52) [testng-6.14.3.jar:?]
	at org.testng.SuiteRunnerWorker.run(SuiteRunnerWorker.java:84) [testng-6.14.3.jar:?]
	at org.testng.TestNG.runSuitesSequentially(TestNG.java:1208) [testng-6.14.3.jar:?]
	at org.testng.TestNG.runSuitesLocally(TestNG.java:1137) [testng-6.14.3.jar:?]
	at org.testng.TestNG.runSuites(TestNG.java:1049) [testng-6.14.3.jar:?]
	at org.testng.TestNG.run(TestNG.java:1017) [testng-6.14.3.jar:?]
	at org.testng.IDEARemoteTestNG.run(IDEARemoteTestNG.java:74) [testng-plugin.jar:?]
	at org.testng.RemoteTestNGStarter.main(RemoteTestNGStarter.java:121) [testng-plugin.jar:?]
	at sun.reflect.NativeMethodAccessorImpl.invoke0(Native Method) ~[?:1.8.0_152-ea]
	at sun.reflect.NativeMethodAccessorImpl.invoke(NativeMethodAccessorImpl.java:62) ~[?:1.8.0_152-ea]
	at sun.reflect.DelegatingMethodAccessorImpl.invoke(DelegatingMethodAccessorImpl.java:43) ~[?:1.8.0_152-ea]
	at java.lang.reflect.Method.invoke(Method.java:498) ~[?:1.8.0_152-ea]
	at com.intellij.rt.execution.application.AppMain.main(AppMain.java:144) [idea_rt.jar:?]
[ERROR] 2019-07-09 19:28:50.200 [main] DataValidator - For input string: "0.1"
java.lang.NumberFormatException: For input string: "0.1"
	at java.lang.NumberFormatException.forInputString(NumberFormatException.java:65) ~[?:1.8.0_152-ea]
	at java.lang.Integer.parseInt(Integer.java:580) ~[?:1.8.0_152-ea]
	at java.lang.Integer.parseInt(Integer.java:615) ~[?:1.8.0_152-ea]
	at edu.epam.training.matrix.main.service.DataValidator.validateString(DataValidator.java:98) [Matrix/:?]
	at edu.epam.training.matrix.main.service.DataValidator.validateMatrix(DataValidator.java:39) [Matrix/:?]
	at edu.epam.training.matrix.test.service.DataValidatorTest.testMatrixWithMoreLines(DataValidatorTest.java:54) [Matrix/:?]
	at sun.reflect.NativeMethodAccessorImpl.invoke0(Native Method) ~[?:1.8.0_152-ea]
	at sun.reflect.NativeMethodAccessorImpl.invoke(NativeMethodAccessorImpl.java:62) ~[?:1.8.0_152-ea]
	at sun.reflect.DelegatingMethodAccessorImpl.invoke(DelegatingMethodAccessorImpl.java:43) ~[?:1.8.0_152-ea]
	at java.lang.reflect.Method.invoke(Method.java:498) ~[?:1.8.0_152-ea]
	at org.testng.internal.MethodInvocationHelper.invokeMethod(MethodInvocationHelper.java:124) [testng-6.14.3.jar:?]
	at org.testng.internal.MethodInvocationHelper.invokeMethodConsideringTimeout(MethodInvocationHelper.java:59) [testng-6.14.3.jar:?]
	at org.testng.internal.Invoker.invokeConfigurationMethod(Invoker.java:458) [testng-6.14.3.jar:?]
	at org.testng.internal.Invoker.invokeConfigurations(Invoker.java:222) [testng-6.14.3.jar:?]
	at org.testng.internal.Invoker.invokeMethod(Invoker.java:523) [testng-6.14.3.jar:?]
	at org.testng.internal.Invoker.invokeTestMethod(Invoker.java:719) [testng-6.14.3.jar:?]
	at org.testng.internal.Invoker.invokeTestMethods(Invoker.java:989) [testng-6.14.3.jar:?]
	at org.testng.internal.TestMethodWorker.invokeTestMethods(TestMethodWorker.java:125) [testng-6.14.3.jar:?]
	at org.testng.internal.TestMethodWorker.run(TestMethodWorker.java:109) [testng-6.14.3.jar:?]
	at org.testng.TestRunner.privateRun(TestRunner.java:648) [testng-6.14.3.jar:?]
	at org.testng.TestRunner.run(TestRunner.java:505) [testng-6.14.3.jar:?]
	at org.testng.SuiteRunner.runTest(SuiteRunner.java:455) [testng-6.14.3.jar:?]
	at org.testng.SuiteRunner.runSequentially(SuiteRunner.java:450) [testng-6.14.3.jar:?]
	at org.testng.SuiteRunner.privateRun(SuiteRunner.java:415) [testng-6.14.3.jar:?]
	at org.testng.SuiteRunner.run(SuiteRunner.java:364) [testng-6.14.3.jar:?]
	at org.testng.SuiteRunnerWorker.runSuite(SuiteRunnerWorker.java:52) [testng-6.14.3.jar:?]
	at org.testng.SuiteRunnerWorker.run(SuiteRunnerWorker.java:84) [testng-6.14.3.jar:?]
	at org.testng.TestNG.runSuitesSequentially(TestNG.java:1208) [testng-6.14.3.jar:?]
	at org.testng.TestNG.runSuitesLocally(TestNG.java:1137) [testng-6.14.3.jar:?]
	at org.testng.TestNG.runSuites(TestNG.java:1049) [testng-6.14.3.jar:?]
	at org.testng.TestNG.run(TestNG.java:1017) [testng-6.14.3.jar:?]
	at org.testng.IDEARemoteTestNG.run(IDEARemoteTestNG.java:74) [testng-plugin.jar:?]
	at org.testng.RemoteTestNGStarter.main(RemoteTestNGStarter.java:121) [testng-plugin.jar:?]
	at sun.reflect.NativeMethodAccessorImpl.invoke0(Native Method) ~[?:1.8.0_152-ea]
	at sun.reflect.NativeMethodAccessorImpl.invoke(NativeMethodAccessorImpl.java:62) ~[?:1.8.0_152-ea]
	at sun.reflect.DelegatingMethodAccessorImpl.invoke(DelegatingMethodAccessorImpl.java:43) ~[?:1.8.0_152-ea]
	at java.lang.reflect.Method.invoke(Method.java:498) ~[?:1.8.0_152-ea]
	at com.intellij.rt.execution.application.AppMain.main(AppMain.java:144) [idea_rt.jar:?]
[ERROR] 2019-07-09 19:28:50.208 [main] FileDataReader - input/FakeXXYYYZZZZ.txt (No such file or directory)
java.io.FileNotFoundException: input/FakeXXYYYZZZZ.txt (No such file or directory)
	at java.io.FileInputStream.open0(Native Method) ~[?:1.8.0_152-ea]
	at java.io.FileInputStream.open(FileInputStream.java:195) ~[?:1.8.0_152-ea]
	at java.io.FileInputStream.<init>(FileInputStream.java:138) ~[?:1.8.0_152-ea]
	at java.io.FileInputStream.<init>(FileInputStream.java:93) ~[?:1.8.0_152-ea]
	at java.io.FileReader.<init>(FileReader.java:58) ~[?:1.8.0_152-ea]
	at edu.epam.training.matrix.main.service.FileDataReader.readToStringArrayList(FileDataReader.java:24) [Matrix/:?]
	at edu.epam.training.matrix.test.service.DataValidatorTest.testThreadsNonExistOrEmptyFiles(DataValidatorTest.java:113) [Matrix/:?]
	at sun.reflect.NativeMethodAccessorImpl.invoke0(Native Method) ~[?:1.8.0_152-ea]
	at sun.reflect.NativeMethodAccessorImpl.invoke(NativeMethodAccessorImpl.java:62) ~[?:1.8.0_152-ea]
	at sun.reflect.DelegatingMethodAccessorImpl.invoke(DelegatingMethodAccessorImpl.java:43) ~[?:1.8.0_152-ea]
	at java.lang.reflect.Method.invoke(Method.java:498) ~[?:1.8.0_152-ea]
	at org.testng.internal.MethodInvocationHelper.invokeMethod(MethodInvocationHelper.java:124) [testng-6.14.3.jar:?]
	at org.testng.internal.MethodInvocationHelper.invokeMethodConsideringTimeout(MethodInvocationHelper.java:59) [testng-6.14.3.jar:?]
	at org.testng.internal.Invoker.invokeConfigurationMethod(Invoker.java:458) [testng-6.14.3.jar:?]
	at org.testng.internal.Invoker.invokeConfigurations(Invoker.java:222) [testng-6.14.3.jar:?]
	at org.testng.internal.Invoker.invokeMethod(Invoker.java:523) [testng-6.14.3.jar:?]
	at org.testng.internal.Invoker.invokeTestMethod(Invoker.java:719) [testng-6.14.3.jar:?]
	at org.testng.internal.Invoker.invokeTestMethods(Invoker.java:989) [testng-6.14.3.jar:?]
	at org.testng.internal.TestMethodWorker.invokeTestMethods(TestMethodWorker.java:125) [testng-6.14.3.jar:?]
	at org.testng.internal.TestMethodWorker.run(TestMethodWorker.java:109) [testng-6.14.3.jar:?]
	at org.testng.TestRunner.privateRun(TestRunner.java:648) [testng-6.14.3.jar:?]
	at org.testng.TestRunner.run(TestRunner.java:505) [testng-6.14.3.jar:?]
	at org.testng.SuiteRunner.runTest(SuiteRunner.java:455) [testng-6.14.3.jar:?]
	at org.testng.SuiteRunner.runSequentially(SuiteRunner.java:450) [testng-6.14.3.jar:?]
	at org.testng.SuiteRunner.privateRun(SuiteRunner.java:415) [testng-6.14.3.jar:?]
	at org.testng.SuiteRunner.run(SuiteRunner.java:364) [testng-6.14.3.jar:?]
	at org.testng.SuiteRunnerWorker.runSuite(SuiteRunnerWorker.java:52) [testng-6.14.3.jar:?]
	at org.testng.SuiteRunnerWorker.run(SuiteRunnerWorker.java:84) [testng-6.14.3.jar:?]
	at org.testng.TestNG.runSuitesSequentially(TestNG.java:1208) [testng-6.14.3.jar:?]
	at org.testng.TestNG.runSuitesLocally(TestNG.java:1137) [testng-6.14.3.jar:?]
	at org.testng.TestNG.runSuites(TestNG.java:1049) [testng-6.14.3.jar:?]
	at org.testng.TestNG.run(TestNG.java:1017) [testng-6.14.3.jar:?]
	at org.testng.IDEARemoteTestNG.run(IDEARemoteTestNG.java:74) [testng-plugin.jar:?]
	at org.testng.RemoteTestNGStarter.main(RemoteTestNGStarter.java:121) [testng-plugin.jar:?]
	at sun.reflect.NativeMethodAccessorImpl.invoke0(Native Method) ~[?:1.8.0_152-ea]
	at sun.reflect.NativeMethodAccessorImpl.invoke(NativeMethodAccessorImpl.java:62) ~[?:1.8.0_152-ea]
	at sun.reflect.DelegatingMethodAccessorImpl.invoke(DelegatingMethodAccessorImpl.java:43) ~[?:1.8.0_152-ea]
	at java.lang.reflect.Method.invoke(Method.java:498) ~[?:1.8.0_152-ea]
	at com.intellij.rt.execution.application.AppMain.main(AppMain.java:144) [idea_rt.jar:?]
[ERROR] 2019-07-09 19:28:50.217 [main] FileDataReader - input/ue53s48di6rxyd7.txt (No such file or directory)
java.io.FileNotFoundException: input/ue53s48di6rxyd7.txt (No such file or directory)
	at java.io.FileInputStream.open0(Native Method) ~[?:1.8.0_152-ea]
	at java.io.FileInputStream.open(FileInputStream.java:195) ~[?:1.8.0_152-ea]
	at java.io.FileInputStream.<init>(FileInputStream.java:138) ~[?:1.8.0_152-ea]
	at java.io.FileInputStream.<init>(FileInputStream.java:93) ~[?:1.8.0_152-ea]
	at java.io.FileReader.<init>(FileReader.java:58) ~[?:1.8.0_152-ea]
	at edu.epam.training.matrix.main.service.FileDataReader.readToStringArrayList(FileDataReader.java:24) [Matrix/:?]
	at edu.epam.training.matrix.test.service.DataValidatorTest.testMatrixNonExistOrEmptyFiles(DataValidatorTest.java:72) [Matrix/:?]
	at sun.reflect.NativeMethodAccessorImpl.invoke0(Native Method) ~[?:1.8.0_152-ea]
	at sun.reflect.NativeMethodAccessorImpl.invoke(NativeMethodAccessorImpl.java:62) ~[?:1.8.0_152-ea]
	at sun.reflect.DelegatingMethodAccessorImpl.invoke(DelegatingMethodAccessorImpl.java:43) ~[?:1.8.0_152-ea]
	at java.lang.reflect.Method.invoke(Method.java:498) ~[?:1.8.0_152-ea]
	at org.testng.internal.MethodInvocationHelper.invokeMethod(MethodInvocationHelper.java:124) [testng-6.14.3.jar:?]
	at org.testng.internal.MethodInvocationHelper.invokeMethodConsideringTimeout(MethodInvocationHelper.java:59) [testng-6.14.3.jar:?]
	at org.testng.internal.Invoker.invokeConfigurationMethod(Invoker.java:458) [testng-6.14.3.jar:?]
	at org.testng.internal.Invoker.invokeConfigurations(Invoker.java:222) [testng-6.14.3.jar:?]
	at org.testng.internal.Invoker.invokeMethod(Invoker.java:523) [testng-6.14.3.jar:?]
	at org.testng.internal.Invoker.invokeTestMethod(Invoker.java:719) [testng-6.14.3.jar:?]
	at org.testng.internal.Invoker.invokeTestMethods(Invoker.java:989) [testng-6.14.3.jar:?]
	at org.testng.internal.TestMethodWorker.invokeTestMethods(TestMethodWorker.java:125) [testng-6.14.3.jar:?]
	at org.testng.internal.TestMethodWorker.run(TestMethodWorker.java:109) [testng-6.14.3.jar:?]
	at org.testng.TestRunner.privateRun(TestRunner.java:648) [testng-6.14.3.jar:?]
	at org.testng.TestRunner.run(TestRunner.java:505) [testng-6.14.3.jar:?]
	at org.testng.SuiteRunner.runTest(SuiteRunner.java:455) [testng-6.14.3.jar:?]
	at org.testng.SuiteRunner.runSequentially(SuiteRunner.java:450) [testng-6.14.3.jar:?]
	at org.testng.SuiteRunner.privateRun(SuiteRunner.java:415) [testng-6.14.3.jar:?]
	at org.testng.SuiteRunner.run(SuiteRunner.java:364) [testng-6.14.3.jar:?]
	at org.testng.SuiteRunnerWorker.runSuite(SuiteRunnerWorker.java:52) [testng-6.14.3.jar:?]
	at org.testng.SuiteRunnerWorker.run(SuiteRunnerWorker.java:84) [testng-6.14.3.jar:?]
	at org.testng.TestNG.runSuitesSequentially(TestNG.java:1208) [testng-6.14.3.jar:?]
	at org.testng.TestNG.runSuitesLocally(TestNG.java:1137) [testng-6.14.3.jar:?]
	at org.testng.TestNG.runSuites(TestNG.java:1049) [testng-6.14.3.jar:?]
	at org.testng.TestNG.run(TestNG.java:1017) [testng-6.14.3.jar:?]
	at org.testng.IDEARemoteTestNG.run(IDEARemoteTestNG.java:74) [testng-plugin.jar:?]
	at org.testng.RemoteTestNGStarter.main(RemoteTestNGStarter.java:121) [testng-plugin.jar:?]
	at sun.reflect.NativeMethodAccessorImpl.invoke0(Native Method) ~[?:1.8.0_152-ea]
	at sun.reflect.NativeMethodAccessorImpl.invoke(NativeMethodAccessorImpl.java:62) ~[?:1.8.0_152-ea]
	at sun.reflect.DelegatingMethodAccessorImpl.invoke(DelegatingMethodAccessorImpl.java:43) ~[?:1.8.0_152-ea]
	at java.lang.reflect.Method.invoke(Method.java:498) ~[?:1.8.0_152-ea]
	at com.intellij.rt.execution.application.AppMain.main(AppMain.java:144) [idea_rt.jar:?]
[ERROR] 2019-07-09 19:28:50.219 [main] DataValidator - For input string: "0.1"
java.lang.NumberFormatException: For input string: "0.1"
	at java.lang.NumberFormatException.forInputString(NumberFormatException.java:65) ~[?:1.8.0_152-ea]
	at java.lang.Integer.parseInt(Integer.java:580) ~[?:1.8.0_152-ea]
	at java.lang.Integer.parseInt(Integer.java:615) ~[?:1.8.0_152-ea]
	at edu.epam.training.matrix.main.service.DataValidator.validateString(DataValidator.java:98) [Matrix/:?]
	at edu.epam.training.matrix.main.service.DataValidator.validateMatrix(DataValidator.java:39) [Matrix/:?]
	at edu.epam.training.matrix.test.service.DataValidatorTest.testMatrixWithMoreLines(DataValidatorTest.java:54) [Matrix/:?]
	at sun.reflect.NativeMethodAccessorImpl.invoke0(Native Method) ~[?:1.8.0_152-ea]
	at sun.reflect.NativeMethodAccessorImpl.invoke(NativeMethodAccessorImpl.java:62) ~[?:1.8.0_152-ea]
	at sun.reflect.DelegatingMethodAccessorImpl.invoke(DelegatingMethodAccessorImpl.java:43) ~[?:1.8.0_152-ea]
	at java.lang.reflect.Method.invoke(Method.java:498) ~[?:1.8.0_152-ea]
	at org.testng.internal.MethodInvocationHelper.invokeMethod(MethodInvocationHelper.java:124) [testng-6.14.3.jar:?]
	at org.testng.internal.MethodInvocationHelper.invokeMethodConsideringTimeout(MethodInvocationHelper.java:59) [testng-6.14.3.jar:?]
	at org.testng.internal.Invoker.invokeConfigurationMethod(Invoker.java:458) [testng-6.14.3.jar:?]
	at org.testng.internal.Invoker.invokeConfigurations(Invoker.java:222) [testng-6.14.3.jar:?]
	at org.testng.internal.Invoker.invokeMethod(Invoker.java:523) [testng-6.14.3.jar:?]
	at org.testng.internal.Invoker.invokeTestMethod(Invoker.java:719) [testng-6.14.3.jar:?]
	at org.testng.internal.Invoker.invokeTestMethods(Invoker.java:989) [testng-6.14.3.jar:?]
	at org.testng.internal.TestMethodWorker.invokeTestMethods(TestMethodWorker.java:125) [testng-6.14.3.jar:?]
	at org.testng.internal.TestMethodWorker.run(TestMethodWorker.java:109) [testng-6.14.3.jar:?]
	at org.testng.TestRunner.privateRun(TestRunner.java:648) [testng-6.14.3.jar:?]
	at org.testng.TestRunner.run(TestRunner.java:505) [testng-6.14.3.jar:?]
	at org.testng.SuiteRunner.runTest(SuiteRunner.java:455) [testng-6.14.3.jar:?]
	at org.testng.SuiteRunner.runSequentially(SuiteRunner.java:450) [testng-6.14.3.jar:?]
	at org.testng.SuiteRunner.privateRun(SuiteRunner.java:415) [testng-6.14.3.jar:?]
	at org.testng.SuiteRunner.run(SuiteRunner.java:364) [testng-6.14.3.jar:?]
	at org.testng.SuiteRunnerWorker.runSuite(SuiteRunnerWorker.java:52) [testng-6.14.3.jar:?]
	at org.testng.SuiteRunnerWorker.run(SuiteRunnerWorker.java:84) [testng-6.14.3.jar:?]
	at org.testng.TestNG.runSuitesSequentially(TestNG.java:1208) [testng-6.14.3.jar:?]
	at org.testng.TestNG.runSuitesLocally(TestNG.java:1137) [testng-6.14.3.jar:?]
	at org.testng.TestNG.runSuites(TestNG.java:1049) [testng-6.14.3.jar:?]
	at org.testng.TestNG.run(TestNG.java:1017) [testng-6.14.3.jar:?]
	at org.testng.IDEARemoteTestNG.run(IDEARemoteTestNG.java:74) [testng-plugin.jar:?]
	at org.testng.RemoteTestNGStarter.main(RemoteTestNGStarter.java:121) [testng-plugin.jar:?]
	at sun.reflect.NativeMethodAccessorImpl.invoke0(Native Method) ~[?:1.8.0_152-ea]
	at sun.reflect.NativeMethodAccessorImpl.invoke(NativeMethodAccessorImpl.java:62) ~[?:1.8.0_152-ea]
	at sun.reflect.DelegatingMethodAccessorImpl.invoke(DelegatingMethodAccessorImpl.java:43) ~[?:1.8.0_152-ea]
	at java.lang.reflect.Method.invoke(Method.java:498) ~[?:1.8.0_152-ea]
	at com.intellij.rt.execution.application.AppMain.main(AppMain.java:144) [idea_rt.jar:?]
[ERROR] 2019-07-09 19:28:50.229 [main] FileDataReader - input/FakeXXYYYZZZZ.txt (No such file or directory)
java.io.FileNotFoundException: input/FakeXXYYYZZZZ.txt (No such file or directory)
	at java.io.FileInputStream.open0(Native Method) ~[?:1.8.0_152-ea]
	at java.io.FileInputStream.open(FileInputStream.java:195) ~[?:1.8.0_152-ea]
	at java.io.FileInputStream.<init>(FileInputStream.java:138) ~[?:1.8.0_152-ea]
	at java.io.FileInputStream.<init>(FileInputStream.java:93) ~[?:1.8.0_152-ea]
	at java.io.FileReader.<init>(FileReader.java:58) ~[?:1.8.0_152-ea]
	at edu.epam.training.matrix.main.service.FileDataReader.readToStringArrayList(FileDataReader.java:24) [Matrix/:?]
	at edu.epam.training.matrix.test.service.DataValidatorTest.testThreadsNonExistOrEmptyFiles(DataValidatorTest.java:113) [Matrix/:?]
	at sun.reflect.NativeMethodAccessorImpl.invoke0(Native Method) ~[?:1.8.0_152-ea]
	at sun.reflect.NativeMethodAccessorImpl.invoke(NativeMethodAccessorImpl.java:62) ~[?:1.8.0_152-ea]
	at sun.reflect.DelegatingMethodAccessorImpl.invoke(DelegatingMethodAccessorImpl.java:43) ~[?:1.8.0_152-ea]
	at java.lang.reflect.Method.invoke(Method.java:498) ~[?:1.8.0_152-ea]
	at org.testng.internal.MethodInvocationHelper.invokeMethod(MethodInvocationHelper.java:124) [testng-6.14.3.jar:?]
	at org.testng.internal.MethodInvocationHelper.invokeMethodConsideringTimeout(MethodInvocationHelper.java:59) [testng-6.14.3.jar:?]
	at org.testng.internal.Invoker.invokeConfigurationMethod(Invoker.java:458) [testng-6.14.3.jar:?]
	at org.testng.internal.Invoker.invokeConfigurations(Invoker.java:222) [testng-6.14.3.jar:?]
	at org.testng.internal.Invoker.invokeMethod(Invoker.java:523) [testng-6.14.3.jar:?]
	at org.testng.internal.Invoker.invokeTestMethod(Invoker.java:719) [testng-6.14.3.jar:?]
	at org.testng.internal.Invoker.invokeTestMethods(Invoker.java:989) [testng-6.14.3.jar:?]
	at org.testng.internal.TestMethodWorker.invokeTestMethods(TestMethodWorker.java:125) [testng-6.14.3.jar:?]
	at org.testng.internal.TestMethodWorker.run(TestMethodWorker.java:109) [testng-6.14.3.jar:?]
	at org.testng.TestRunner.privateRun(TestRunner.java:648) [testng-6.14.3.jar:?]
	at org.testng.TestRunner.run(TestRunner.java:505) [testng-6.14.3.jar:?]
	at org.testng.SuiteRunner.runTest(SuiteRunner.java:455) [testng-6.14.3.jar:?]
	at org.testng.SuiteRunner.runSequentially(SuiteRunner.java:450) [testng-6.14.3.jar:?]
	at org.testng.SuiteRunner.privateRun(SuiteRunner.java:415) [testng-6.14.3.jar:?]
	at org.testng.SuiteRunner.run(SuiteRunner.java:364) [testng-6.14.3.jar:?]
	at org.testng.SuiteRunnerWorker.runSuite(SuiteRunnerWorker.java:52) [testng-6.14.3.jar:?]
	at org.testng.SuiteRunnerWorker.run(SuiteRunnerWorker.java:84) [testng-6.14.3.jar:?]
	at org.testng.TestNG.runSuitesSequentially(TestNG.java:1208) [testng-6.14.3.jar:?]
	at org.testng.TestNG.runSuitesLocally(TestNG.java:1137) [testng-6.14.3.jar:?]
	at org.testng.TestNG.runSuites(TestNG.java:1049) [testng-6.14.3.jar:?]
	at org.testng.TestNG.run(TestNG.java:1017) [testng-6.14.3.jar:?]
	at org.testng.IDEARemoteTestNG.run(IDEARemoteTestNG.java:74) [testng-plugin.jar:?]
	at org.testng.RemoteTestNGStarter.main(RemoteTestNGStarter.java:121) [testng-plugin.jar:?]
	at sun.reflect.NativeMethodAccessorImpl.invoke0(Native Method) ~[?:1.8.0_152-ea]
	at sun.reflect.NativeMethodAccessorImpl.invoke(NativeMethodAccessorImpl.java:62) ~[?:1.8.0_152-ea]
	at sun.reflect.DelegatingMethodAccessorImpl.invoke(DelegatingMethodAccessorImpl.java:43) ~[?:1.8.0_152-ea]
	at java.lang.reflect.Method.invoke(Method.java:498) ~[?:1.8.0_152-ea]
	at com.intellij.rt.execution.application.AppMain.main(AppMain.java:144) [idea_rt.jar:?]
[ERROR] 2019-07-09 19:28:50.231 [main] FileDataReader - input/FakeXXYYYZZZZ.txt (No such file or directory)
java.io.FileNotFoundException: input/FakeXXYYYZZZZ.txt (No such file or directory)
	at java.io.FileInputStream.open0(Native Method) ~[?:1.8.0_152-ea]
	at java.io.FileInputStream.open(FileInputStream.java:195) ~[?:1.8.0_152-ea]
	at java.io.FileInputStream.<init>(FileInputStream.java:138) ~[?:1.8.0_152-ea]
	at java.io.FileInputStream.<init>(FileInputStream.java:93) ~[?:1.8.0_152-ea]
	at java.io.FileReader.<init>(FileReader.java:58) ~[?:1.8.0_152-ea]
	at edu.epam.training.matrix.main.service.FileDataReader.readToStringArrayList(FileDataReader.java:24) [Matrix/:?]
	at edu.epam.training.matrix.test.service.DataValidatorTest.testThreadsNonExistOrEmptyFiles(DataValidatorTest.java:113) [Matrix/:?]
	at sun.reflect.NativeMethodAccessorImpl.invoke0(Native Method) ~[?:1.8.0_152-ea]
	at sun.reflect.NativeMethodAccessorImpl.invoke(NativeMethodAccessorImpl.java:62) ~[?:1.8.0_152-ea]
	at sun.reflect.DelegatingMethodAccessorImpl.invoke(DelegatingMethodAccessorImpl.java:43) ~[?:1.8.0_152-ea]
	at java.lang.reflect.Method.invoke(Method.java:498) ~[?:1.8.0_152-ea]
	at org.testng.internal.MethodInvocationHelper.invokeMethod(MethodInvocationHelper.java:124) [testng-6.14.3.jar:?]
	at org.testng.internal.Invoker.invokeMethod(Invoker.java:583) [testng-6.14.3.jar:?]
	at org.testng.internal.Invoker.invokeTestMethod(Invoker.java:719) [testng-6.14.3.jar:?]
	at org.testng.internal.Invoker.invokeTestMethods(Invoker.java:989) [testng-6.14.3.jar:?]
	at org.testng.internal.TestMethodWorker.invokeTestMethods(TestMethodWorker.java:125) [testng-6.14.3.jar:?]
	at org.testng.internal.TestMethodWorker.run(TestMethodWorker.java:109) [testng-6.14.3.jar:?]
	at org.testng.TestRunner.privateRun(TestRunner.java:648) [testng-6.14.3.jar:?]
	at org.testng.TestRunner.run(TestRunner.java:505) [testng-6.14.3.jar:?]
	at org.testng.SuiteRunner.runTest(SuiteRunner.java:455) [testng-6.14.3.jar:?]
	at org.testng.SuiteRunner.runSequentially(SuiteRunner.java:450) [testng-6.14.3.jar:?]
	at org.testng.SuiteRunner.privateRun(SuiteRunner.java:415) [testng-6.14.3.jar:?]
	at org.testng.SuiteRunner.run(SuiteRunner.java:364) [testng-6.14.3.jar:?]
	at org.testng.SuiteRunnerWorker.runSuite(SuiteRunnerWorker.java:52) [testng-6.14.3.jar:?]
	at org.testng.SuiteRunnerWorker.run(SuiteRunnerWorker.java:84) [testng-6.14.3.jar:?]
	at org.testng.TestNG.runSuitesSequentially(TestNG.java:1208) [testng-6.14.3.jar:?]
	at org.testng.TestNG.runSuitesLocally(TestNG.java:1137) [testng-6.14.3.jar:?]
	at org.testng.TestNG.runSuites(TestNG.java:1049) [testng-6.14.3.jar:?]
	at org.testng.TestNG.run(TestNG.java:1017) [testng-6.14.3.jar:?]
	at org.testng.IDEARemoteTestNG.run(IDEARemoteTestNG.java:74) [testng-plugin.jar:?]
	at org.testng.RemoteTestNGStarter.main(RemoteTestNGStarter.java:121) [testng-plugin.jar:?]
	at sun.reflect.NativeMethodAccessorImpl.invoke0(Native Method) ~[?:1.8.0_152-ea]
	at sun.reflect.NativeMethodAccessorImpl.invoke(NativeMethodAccessorImpl.java:62) ~[?:1.8.0_152-ea]
	at sun.reflect.DelegatingMethodAccessorImpl.invoke(DelegatingMethodAccessorImpl.java:43) ~[?:1.8.0_152-ea]
	at java.lang.reflect.Method.invoke(Method.java:498) ~[?:1.8.0_152-ea]
	at com.intellij.rt.execution.application.AppMain.main(AppMain.java:144) [idea_rt.jar:?]
[ERROR] 2019-07-09 19:28:59.305 [main] FileDataReader - input/Non-Existing-File-LOL.txt (No such file or directory)
java.io.FileNotFoundException: input/Non-Existing-File-LOL.txt (No such file or directory)
	at java.io.FileInputStream.open0(Native Method) ~[?:1.8.0_152-ea]
	at java.io.FileInputStream.open(FileInputStream.java:195) ~[?:1.8.0_152-ea]
	at java.io.FileInputStream.<init>(FileInputStream.java:138) ~[?:1.8.0_152-ea]
	at java.io.FileInputStream.<init>(FileInputStream.java:93) ~[?:1.8.0_152-ea]
	at java.io.FileReader.<init>(FileReader.java:58) ~[?:1.8.0_152-ea]
	at edu.epam.training.matrix.main.service.FileDataReader.readToStringArrayList(FileDataReader.java:24) [Matrix/:?]
	at edu.epam.training.matrix.test.service.FileDataReaderTest.testReadNonExistingFile(FileDataReaderTest.java:24) [Matrix/:?]
	at sun.reflect.NativeMethodAccessorImpl.invoke0(Native Method) ~[?:1.8.0_152-ea]
	at sun.reflect.NativeMethodAccessorImpl.invoke(NativeMethodAccessorImpl.java:62) ~[?:1.8.0_152-ea]
	at sun.reflect.DelegatingMethodAccessorImpl.invoke(DelegatingMethodAccessorImpl.java:43) ~[?:1.8.0_152-ea]
	at java.lang.reflect.Method.invoke(Method.java:498) ~[?:1.8.0_152-ea]
	at org.testng.internal.MethodInvocationHelper.invokeMethod(MethodInvocationHelper.java:124) [testng-6.14.3.jar:?]
	at org.testng.internal.MethodInvocationHelper.invokeMethodConsideringTimeout(MethodInvocationHelper.java:59) [testng-6.14.3.jar:?]
	at org.testng.internal.Invoker.invokeConfigurationMethod(Invoker.java:458) [testng-6.14.3.jar:?]
	at org.testng.internal.Invoker.invokeConfigurations(Invoker.java:222) [testng-6.14.3.jar:?]
	at org.testng.internal.Invoker.invokeMethod(Invoker.java:523) [testng-6.14.3.jar:?]
	at org.testng.internal.Invoker.invokeTestMethod(Invoker.java:719) [testng-6.14.3.jar:?]
	at org.testng.internal.Invoker.invokeTestMethods(Invoker.java:989) [testng-6.14.3.jar:?]
	at org.testng.internal.TestMethodWorker.invokeTestMethods(TestMethodWorker.java:125) [testng-6.14.3.jar:?]
	at org.testng.internal.TestMethodWorker.run(TestMethodWorker.java:109) [testng-6.14.3.jar:?]
	at org.testng.TestRunner.privateRun(TestRunner.java:648) [testng-6.14.3.jar:?]
	at org.testng.TestRunner.run(TestRunner.java:505) [testng-6.14.3.jar:?]
	at org.testng.SuiteRunner.runTest(SuiteRunner.java:455) [testng-6.14.3.jar:?]
	at org.testng.SuiteRunner.runSequentially(SuiteRunner.java:450) [testng-6.14.3.jar:?]
	at org.testng.SuiteRunner.privateRun(SuiteRunner.java:415) [testng-6.14.3.jar:?]
	at org.testng.SuiteRunner.run(SuiteRunner.java:364) [testng-6.14.3.jar:?]
	at org.testng.SuiteRunnerWorker.runSuite(SuiteRunnerWorker.java:52) [testng-6.14.3.jar:?]
	at org.testng.SuiteRunnerWorker.run(SuiteRunnerWorker.java:84) [testng-6.14.3.jar:?]
	at org.testng.TestNG.runSuitesSequentially(TestNG.java:1208) [testng-6.14.3.jar:?]
	at org.testng.TestNG.runSuitesLocally(TestNG.java:1137) [testng-6.14.3.jar:?]
	at org.testng.TestNG.runSuites(TestNG.java:1049) [testng-6.14.3.jar:?]
	at org.testng.TestNG.run(TestNG.java:1017) [testng-6.14.3.jar:?]
	at org.testng.IDEARemoteTestNG.run(IDEARemoteTestNG.java:74) [testng-plugin.jar:?]
	at org.testng.RemoteTestNGStarter.main(RemoteTestNGStarter.java:121) [testng-plugin.jar:?]
	at sun.reflect.NativeMethodAccessorImpl.invoke0(Native Method) ~[?:1.8.0_152-ea]
	at sun.reflect.NativeMethodAccessorImpl.invoke(NativeMethodAccessorImpl.java:62) ~[?:1.8.0_152-ea]
	at sun.reflect.DelegatingMethodAccessorImpl.invoke(DelegatingMethodAccessorImpl.java:43) ~[?:1.8.0_152-ea]
	at java.lang.reflect.Method.invoke(Method.java:498) ~[?:1.8.0_152-ea]
	at com.intellij.rt.execution.application.AppMain.main(AppMain.java:144) [idea_rt.jar:?]
[ERROR] 2019-07-09 19:28:59.322 [main] FileDataReader - input/Non-Existing-File-LOL.txt (No such file or directory)
java.io.FileNotFoundException: input/Non-Existing-File-LOL.txt (No such file or directory)
	at java.io.FileInputStream.open0(Native Method) ~[?:1.8.0_152-ea]
	at java.io.FileInputStream.open(FileInputStream.java:195) ~[?:1.8.0_152-ea]
	at java.io.FileInputStream.<init>(FileInputStream.java:138) ~[?:1.8.0_152-ea]
	at java.io.FileInputStream.<init>(FileInputStream.java:93) ~[?:1.8.0_152-ea]
	at java.io.FileReader.<init>(FileReader.java:58) ~[?:1.8.0_152-ea]
	at edu.epam.training.matrix.main.service.FileDataReader.readToStringArrayList(FileDataReader.java:24) [Matrix/:?]
	at edu.epam.training.matrix.test.service.FileDataReaderTest.testReadNonExistingFile(FileDataReaderTest.java:24) [Matrix/:?]
	at sun.reflect.NativeMethodAccessorImpl.invoke0(Native Method) ~[?:1.8.0_152-ea]
	at sun.reflect.NativeMethodAccessorImpl.invoke(NativeMethodAccessorImpl.java:62) ~[?:1.8.0_152-ea]
	at sun.reflect.DelegatingMethodAccessorImpl.invoke(DelegatingMethodAccessorImpl.java:43) ~[?:1.8.0_152-ea]
	at java.lang.reflect.Method.invoke(Method.java:498) ~[?:1.8.0_152-ea]
	at org.testng.internal.MethodInvocationHelper.invokeMethod(MethodInvocationHelper.java:124) [testng-6.14.3.jar:?]
	at org.testng.internal.Invoker.invokeMethod(Invoker.java:583) [testng-6.14.3.jar:?]
	at org.testng.internal.Invoker.invokeTestMethod(Invoker.java:719) [testng-6.14.3.jar:?]
	at org.testng.internal.Invoker.invokeTestMethods(Invoker.java:989) [testng-6.14.3.jar:?]
	at org.testng.internal.TestMethodWorker.invokeTestMethods(TestMethodWorker.java:125) [testng-6.14.3.jar:?]
	at org.testng.internal.TestMethodWorker.run(TestMethodWorker.java:109) [testng-6.14.3.jar:?]
	at org.testng.TestRunner.privateRun(TestRunner.java:648) [testng-6.14.3.jar:?]
	at org.testng.TestRunner.run(TestRunner.java:505) [testng-6.14.3.jar:?]
	at org.testng.SuiteRunner.runTest(SuiteRunner.java:455) [testng-6.14.3.jar:?]
	at org.testng.SuiteRunner.runSequentially(SuiteRunner.java:450) [testng-6.14.3.jar:?]
	at org.testng.SuiteRunner.privateRun(SuiteRunner.java:415) [testng-6.14.3.jar:?]
	at org.testng.SuiteRunner.run(SuiteRunner.java:364) [testng-6.14.3.jar:?]
	at org.testng.SuiteRunnerWorker.runSuite(SuiteRunnerWorker.java:52) [testng-6.14.3.jar:?]
	at org.testng.SuiteRunnerWorker.run(SuiteRunnerWorker.java:84) [testng-6.14.3.jar:?]
	at org.testng.TestNG.runSuitesSequentially(TestNG.java:1208) [testng-6.14.3.jar:?]
	at org.testng.TestNG.runSuitesLocally(TestNG.java:1137) [testng-6.14.3.jar:?]
	at org.testng.TestNG.runSuites(TestNG.java:1049) [testng-6.14.3.jar:?]
	at org.testng.TestNG.run(TestNG.java:1017) [testng-6.14.3.jar:?]
	at org.testng.IDEARemoteTestNG.run(IDEARemoteTestNG.java:74) [testng-plugin.jar:?]
	at org.testng.RemoteTestNGStarter.main(RemoteTestNGStarter.java:121) [testng-plugin.jar:?]
	at sun.reflect.NativeMethodAccessorImpl.invoke0(Native Method) ~[?:1.8.0_152-ea]
	at sun.reflect.NativeMethodAccessorImpl.invoke(NativeMethodAccessorImpl.java:62) ~[?:1.8.0_152-ea]
	at sun.reflect.DelegatingMethodAccessorImpl.invoke(DelegatingMethodAccessorImpl.java:43) ~[?:1.8.0_152-ea]
	at java.lang.reflect.Method.invoke(Method.java:498) ~[?:1.8.0_152-ea]
	at com.intellij.rt.execution.application.AppMain.main(AppMain.java:144) [idea_rt.jar:?]
